<?xml version="1.0" encoding="UTF-8"?>
<!-- Generated by org.testng.reporters.JUnitReportReporter -->
<testsuite hostname="GEJUD-536163" name="tjmg.pje.Integracao.TestNG.Usuario.ClsTestaMinhaPaginaTestNG" tests="6" failures="0" timestamp="25 May 2016 12:03:28 GMT" time="0.068" errors="1">
  <testcase name="mTestaLoginDoUsuarioNoSistemaComDadosValidos" time="0.000" classname="tjmg.pje.Integracao.TestNG.Usuario.ClsTestaMinhaPaginaTestNG">
    <error type="org.testng.TestNGException" message="
Parameter &#039;nomeDoUsuario&#039; is required by @Test on method mTestaLoginDoUsuarioNoSistemaComDadosValidos but has not been marked @Optional or defined
in C:\Users\P5523732\AppData\Local\Temp\testng-eclipse-406329127\testng-customsuite.xml">
      <![CDATA[org.testng.TestNGException: 
Parameter 'nomeDoUsuario' is required by @Test on method mTestaLoginDoUsuarioNoSistemaComDadosValidos but has not been marked @Optional or defined
in C:\Users\P5523732\AppData\Local\Temp\testng-eclipse-406329127\testng-customsuite.xml
	at org.testng.internal.Parameters.createParameters(Parameters.java:154)
	at org.testng.internal.Parameters.createParameters(Parameters.java:361)
	at org.testng.internal.Parameters.handleParameters(Parameters.java:451)
	at org.testng.internal.Invoker.handleParameters(Invoker.java:1243)
	at org.testng.internal.Invoker.createParameters(Invoker.java:992)
	at org.testng.internal.Invoker.invokeTestMethods(Invoker.java:1082)
	at org.testng.internal.TestMethodWorker.invokeTestMethods(TestMethodWorker.java:129)
	at org.testng.internal.TestMethodWorker.run(TestMethodWorker.java:112)
	at org.testng.TestRunner.privateRun(TestRunner.java:778)
	at org.testng.TestRunner.run(TestRunner.java:632)
	at org.testng.SuiteRunner.runTest(SuiteRunner.java:366)
	at org.testng.SuiteRunner.runSequentially(SuiteRunner.java:361)
	at org.testng.SuiteRunner.privateRun(SuiteRunner.java:319)
	at org.testng.SuiteRunner.run(SuiteRunner.java:268)
	at org.testng.SuiteRunnerWorker.runSuite(SuiteRunnerWorker.java:52)
	at org.testng.SuiteRunnerWorker.run(SuiteRunnerWorker.java:86)
	at org.testng.TestNG.runSuitesSequentially(TestNG.java:1225)
	at org.testng.TestNG.runSuitesLocally(TestNG.java:1150)
	at org.testng.TestNG.runSuites(TestNG.java:1075)
	at org.testng.TestNG.run(TestNG.java:1047)
	at org.testng.remote.AbstractRemoteTestNG.run(AbstractRemoteTestNG.java:126)
	at org.testng.remote.RemoteTestNG.initAndRun(RemoteTestNG.java:137)
	at org.testng.remote.RemoteTestNG.main(RemoteTestNG.java:58)
]]>
    </error>
  </testcase> <!-- mTestaLoginDoUsuarioNoSistemaComDadosValidos -->
  <testcase name="mTestaLoginDoUsuarioNoSistemaSemPassarOsDados" time="0.002" classname="tjmg.pje.Integracao.TestNG.Usuario.ClsTestaMinhaPaginaTestNG"/>
  <testcase name="mTestaLoginDoUsuarioNoSistemaNaoValido" time="0.047" classname="tjmg.pje.Integracao.TestNG.Usuario.ClsTestaMinhaPaginaTestNG"/>
  <testcase name="mTestaLoginDoUsuarioNoSistemaUsuarioInvalidoSenhaValida" time="0.003" classname="tjmg.pje.Integracao.TestNG.Usuario.ClsTestaMinhaPaginaTestNG"/>
  <testcase name="mTestaLoginDoUsuarioNoSistemaUsuarioValidoSenhaInvalida" time="0.002" classname="tjmg.pje.Integracao.TestNG.Usuario.ClsTestaMinhaPaginaTestNG"/>
  <testcase name="mTestaExcecaoDeString" time="0.014" classname="tjmg.pje.Integracao.TestNG.Usuario.ClsTestaMinhaPaginaTestNG"/>
</testsuite> <!-- tjmg.pje.Integracao.TestNG.Usuario.ClsTestaMinhaPaginaTestNG -->
