<?xml version="1.0" encoding="UTF-8"?>
<!-- Generated by org.testng.reporters.JUnitReportReporter -->
<testsuite hostname="GEJUD-536163" name="br.com.tjmg.pje.TestCases.ClsTestaPaginaDeTrabalheConosco" tests="1" failures="0" timestamp="29 Apr 2016 20:56:27 GMT" time="0.000" errors="1">
  <testcase name="testeEnviarMensagemDeTrabalheConosco" time="0.000" classname="br.com.tjmg.pje.TestCases.ClsTestaPaginaDeTrabalheConosco">
    <error type="org.testng.TestNGException" message="
Parameter &#039;nomeParametro&#039; is required by @Test on method testeEnviarMensagemDeTrabalheConosco but has not been marked @Optional or defined
in C:\Users\P5523732\AppData\Local\Temp\testng-eclipse--12985898\testng-customsuite.xml">
      <![CDATA[org.testng.TestNGException: 
Parameter 'nomeParametro' is required by @Test on method testeEnviarMensagemDeTrabalheConosco but has not been marked @Optional or defined
in C:\Users\P5523732\AppData\Local\Temp\testng-eclipse--12985898\testng-customsuite.xml
	at org.testng.internal.Parameters.createParameters(Parameters.java:154)
	at org.testng.internal.Parameters.createParameters(Parameters.java:361)
	at org.testng.internal.Parameters.handleParameters(Parameters.java:451)
	at org.testng.internal.Invoker.handleParameters(Invoker.java:1270)
	at org.testng.internal.Invoker.createParameters(Invoker.java:985)
	at org.testng.internal.Invoker.invokeTestMethods(Invoker.java:1075)
	at org.testng.internal.TestMethodWorker.invokeTestMethods(TestMethodWorker.java:125)
	at org.testng.internal.TestMethodWorker.run(TestMethodWorker.java:108)
	at org.testng.TestRunner.privateRun(TestRunner.java:774)
	at org.testng.TestRunner.run(TestRunner.java:624)
	at org.testng.SuiteRunner.runTest(SuiteRunner.java:359)
	at org.testng.SuiteRunner.runSequentially(SuiteRunner.java:354)
	at org.testng.SuiteRunner.privateRun(SuiteRunner.java:312)
	at org.testng.SuiteRunner.run(SuiteRunner.java:261)
	at org.testng.SuiteRunnerWorker.runSuite(SuiteRunnerWorker.java:52)
	at org.testng.SuiteRunnerWorker.run(SuiteRunnerWorker.java:86)
	at org.testng.TestNG.runSuitesSequentially(TestNG.java:1215)
	at org.testng.TestNG.runSuitesLocally(TestNG.java:1140)
	at org.testng.TestNG.run(TestNG.java:1048)
	at org.testng.remote.AbstractRemoteTestNG.run(AbstractRemoteTestNG.java:126)
	at org.testng.remote.RemoteTestNG.initAndRun(RemoteTestNG.java:137)
	at org.testng.remote.RemoteTestNG.main(RemoteTestNG.java:58)
]]>
    </error>
  </testcase> <!-- testeEnviarMensagemDeTrabalheConosco -->
</testsuite> <!-- br.com.tjmg.pje.TestCases.ClsTestaPaginaDeTrabalheConosco -->
