<?xml version="1.0" encoding="UTF-8"?>
<!-- Generated by org.testng.reporters.JUnitXMLReporter -->
<testsuite hostname="GEJUD-536163" name="mTestaLoginDoUsuarioNoSistemaComDadosValidos" tests="17" failures="3" timestamp="9 Jun 2016 17:36:56 GMT" time="217.382" errors="0">
  <testcase name="@BeforeMethod abrePagina" time="0.0" classname="tjmg.pje.Integracao.TestNG.Usuario.TestNGValidaPrecoDeLivros">
    <failure type="org.openqa.selenium.remote.SessionNotFoundException" message="The FirefoxDriver cannot be used after quit() was called.
Build info: version: &amp;apos;2.53.0&amp;apos;, revision: &amp;apos;35ae25b&amp;apos;, time: &amp;apos;2016-03-15 17:00:58&amp;apos;
System info: host: &amp;apos;GEJUD-536163&amp;apos;, ip: &amp;apos;169.254.28.2&amp;apos;, os.name: &amp;apos;Windows 7&amp;apos;, os.arch: &amp;apos;x86&amp;apos;, os.version: &amp;apos;6.1&amp;apos;, java.version: &amp;apos;1.8.0_91&amp;apos;
Driver info: driver.version: RemoteWebDriver">
      <![CDATA[org.openqa.selenium.remote.SessionNotFoundException: The FirefoxDriver cannot be used after quit() was called.
Build info: version: '2.53.0', revision: '35ae25b', time: '2016-03-15 17:00:58'
System info: host: 'GEJUD-536163', ip: '169.254.28.2', os.name: 'Windows 7', os.arch: 'x86', os.version: '6.1', java.version: '1.8.0_91'
Driver info: driver.version: RemoteWebDriver
	at org.openqa.selenium.firefox.FirefoxDriver$LazyCommandExecutor.execute(FirefoxDriver.java:377)
	at org.openqa.selenium.remote.RemoteWebDriver.execute(RemoteWebDriver.java:644)
	at org.openqa.selenium.remote.RemoteWebDriver.get(RemoteWebDriver.java:316)
	at tjmg.pje.Integracao.TestNG.Usuario.TestNGValidaPrecoDeLivros.abrePagina(TestNGValidaPrecoDeLivros.java:19)
... Removed 27 stack frames]]>
    </failure>
  </testcase> <!-- @BeforeMethod abrePagina -->
  <testcase name="@BeforeMethod abrePagina" time="0.0" classname="tjmg.pje.Integracao.TestNG.Usuario.TestNGValidaPrecoDeLivros">
    <skipped/>
  </testcase> <!-- @BeforeMethod abrePagina -->
  <testcase name="mTestaIncluirUmNovoProcesso" time="100.181" classname="tjmg.pje.Integracao.TestNG.Usuario.ClsTestaIncluirNovoProcesso"/>
  <testcase name="mTestaExcecaoDeString" time="0.003" classname="tjmg.pje.Integracao.TestNG.Usuario.ClsTestaMinhaPaginaTestNG"/>
  <testcase name="mTestaLoginDoUsuarioNoSistemaComDadosValidos" time="0.01" classname="tjmg.pje.Integracao.TestNG.Usuario.ClsTestaMinhaPaginaTestNG"/>
  <testcase name="mTestaLoginDoUsuarioNoSistemaNaoValido" time="0.001" classname="tjmg.pje.Integracao.TestNG.Usuario.ClsTestaMinhaPaginaTestNG"/>
  <testcase name="mTestaLoginDoUsuarioNoSistemaSemPassarOsDados" time="0.001" classname="tjmg.pje.Integracao.TestNG.Usuario.ClsTestaMinhaPaginaTestNG"/>
  <testcase name="mTestaLoginDoUsuarioNoSistemaUsuarioInvalidoSenhaValida" time="0.001" classname="tjmg.pje.Integracao.TestNG.Usuario.ClsTestaMinhaPaginaTestNG"/>
  <testcase name="mTestaLoginDoUsuarioNoSistemaUsuarioValidoSenhaInvalida" time="0.0" classname="tjmg.pje.Integracao.TestNG.Usuario.ClsTestaMinhaPaginaTestNG"/>
  <testcase name="mTestaLoginNoSistemaPJEAssessor" time="9.836" classname="tjmg.pje.Integracao.TestNG.Usuario.ClsTestaPaginaDeLoginPJETestNG"/>
  <testcase name="mTestaLoginNoSistemaPJEPerfilAdvogado" time="9.557" classname="tjmg.pje.Integracao.TestNG.Usuario.ClsTestaPaginaDeLoginPJETestNG"/>
  <testcase name="mTestaLoginNoSistemaPJEPerfilMagistrado" time="10.227" classname="tjmg.pje.Integracao.TestNG.Usuario.ClsTestaPaginaDeLoginPJETestNG"/>
  <testcase name="mTestaLoginNoSistemaPJEPerfilPublico" time="8.02" classname="tjmg.pje.Integracao.TestNG.Usuario.ClsTestaPaginaDeLoginPJETestNG"/>
  <testcase name="mTestaLoginNoSistemaPJEPerfilSecretaria" time="7.996" classname="tjmg.pje.Integracao.TestNG.Usuario.ClsTestaPaginaDeLoginPJETestNG">
    <failure type="java.lang.AssertionError" message="expected [Pegas1i Puppis] but found []">
      <![CDATA[java.lang.AssertionError: expected [Pegas1i Puppis] but found []
	at tjmg.pje.Integracao.TestNG.Usuario.ClsTestaPaginaDeLoginPJETestNG.mTestaLoginNoSistemaPJEPerfilSecretaria(ClsTestaPaginaDeLoginPJETestNG.java:281)
... Removed 31 stack frames]]>
    </failure>
  </testcase> <!-- mTestaLoginNoSistemaPJEPerfilSecretaria -->
  <testcase name="mTestaPesquisaDeProcessoNoSistemaComDadosValidos" time="21.831" classname="tjmg.pje.Integracao.TestNG.Usuario.ClsTestaPesquisaDeProcessoNoSistema"/>
  <testcase name="mTestaMinhaPaginaDeLogin" time="8.514" classname="tjmg.pje.Integracao.TestNG.Usuario.TestaMinhaPaginaDeLogin">
    <failure type="org.openqa.selenium.NoSuchElementException" message="Unable to locate element: {&amp;quot;method&amp;quot;:&amp;quot;name&amp;quot;,&amp;quot;selector&amp;quot;:&amp;quot;Email&amp;quot;}
Command duration or timeout: 16 milliseconds
For documentation on this error, please visit: http://seleniumhq.org/exceptions/no_such_element.html
Build info: version: &amp;apos;2.53.0&amp;apos;, revision: &amp;apos;35ae25b&amp;apos;, time: &amp;apos;2016-03-15 17:00:58&amp;apos;
System info: host: &amp;apos;GEJUD-536163&amp;apos;, ip: &amp;apos;169.254.28.2&amp;apos;, os.name: &amp;apos;Windows 7&amp;apos;, os.arch: &amp;apos;x86&amp;apos;, os.version: &amp;apos;6.1&amp;apos;, java.version: &amp;apos;1.8.0_91&amp;apos;
Driver info: org.openqa.selenium.firefox.FirefoxDriver
Capabilities [{applicationCacheEnabled=true, rotatable=false, handlesAlerts=true, databaseEnabled=true, version=33.0, platform=WINDOWS, nativeEvents=false, acceptSslCerts=true, webStorageEnabled=true, locationContextEnabled=true, browserName=firefox, takesScreenshot=true, javascriptEnabled=true, cssSelectorsEnabled=true}]
Session ID: cae6f2f2-87c5-4f8d-ab4c-fc86a27c94c5
*** Element info: {Using=name, value=Email}">
      <![CDATA[org.openqa.selenium.NoSuchElementException: Unable to locate element: {"method":"name","selector":"Email"}
Command duration or timeout: 16 milliseconds
For documentation on this error, please visit: http://seleniumhq.org/exceptions/no_such_element.html
Build info: version: '2.53.0', revision: '35ae25b', time: '2016-03-15 17:00:58'
System info: host: 'GEJUD-536163', ip: '169.254.28.2', os.name: 'Windows 7', os.arch: 'x86', os.version: '6.1', java.version: '1.8.0_91'
Driver info: org.openqa.selenium.firefox.FirefoxDriver
Capabilities [{applicationCacheEnabled=true, rotatable=false, handlesAlerts=true, databaseEnabled=true, version=33.0, platform=WINDOWS, nativeEvents=false, acceptSslCerts=true, webStorageEnabled=true, locationContextEnabled=true, browserName=firefox, takesScreenshot=true, javascriptEnabled=true, cssSelectorsEnabled=true}]
Session ID: cae6f2f2-87c5-4f8d-ab4c-fc86a27c94c5
*** Element info: {Using=name, value=Email}
	at org.openqa.selenium.remote.ErrorHandler.createThrowable(ErrorHandler.java:206)
	at org.openqa.selenium.remote.ErrorHandler.throwIfResponseFailed(ErrorHandler.java:158)
	at org.openqa.selenium.remote.RemoteWebDriver.execute(RemoteWebDriver.java:678)
	at org.openqa.selenium.remote.RemoteWebDriver.findElement(RemoteWebDriver.java:363)
	at org.openqa.selenium.remote.RemoteWebDriver.findElementByName(RemoteWebDriver.java:461)
	at org.openqa.selenium.By$ByName.findElement(By.java:303)
	at org.openqa.selenium.remote.RemoteWebDriver.findElement(RemoteWebDriver.java:355)
	at org.openqa.selenium.support.pagefactory.DefaultElementLocator.findElement(DefaultElementLocator.java:69)
	at org.openqa.selenium.support.pagefactory.internal.LocatingElementHandler.invoke(LocatingElementHandler.java:38)
	at com.sun.proxy.$Proxy13.sendKeys(Unknown Source)
	at tjmg.pje.Interface.Usuario.WebDriver.MinhaPaginaDeLogin.preencherCPFCNPJ(MinhaPaginaDeLogin.java:39)
	at tjmg.pje.Integracao.TestNG.Usuario.TestaMinhaPaginaDeLogin.mTestaMinhaPaginaDeLogin(TestaMinhaPaginaDeLogin.java:54)
Caused by: org.openqa.selenium.NoSuchElementException: Unable to locate element: {"method":"name","selector":"Email"}
For documentation on this error, please visit: http://seleniumhq.org/exceptions/no_such_element.html
Build info: version: '2.53.0', revision: '35ae25b', time: '2016-03-15 17:00:58'
System info: host: 'GEJUD-536163', ip: '169.254.28.2', os.name: 'Windows 7', os.arch: 'x86', os.version: '6.1', java.version: '1.8.0_91'
Driver info: driver.version: unknown
	at <anonymous class>.FirefoxDriver.prototype.findElementInternal_(file:///C:/Users/P5523732/AppData/Local/Temp/anonymous648306896092534203webdriver-profile/extensions/fxdriver@googlecode.com/components/driver-component.js:10770)
	at <anonymous class>.FirefoxDriver.prototype.findElement(file:///C:/Users/P5523732/AppData/Local/Temp/anonymous648306896092534203webdriver-profile/extensions/fxdriver@googlecode.com/components/driver-component.js:10779)
	at <anonymous class>.DelayedCommand.prototype.executeInternal_/h(file:///C:/Users/P5523732/AppData/Local/Temp/anonymous648306896092534203webdriver-profile/extensions/fxdriver@googlecode.com/components/command-processor.js:12661)
	at <anonymous class>.DelayedCommand.prototype.executeInternal_(file:///C:/Users/P5523732/AppData/Local/Temp/anonymous648306896092534203webdriver-profile/extensions/fxdriver@googlecode.com/components/command-processor.js:12666)
	at <anonymous class>.DelayedCommand.prototype.execute/<(file:///C:/Users/P5523732/AppData/Local/Temp/anonymous648306896092534203webdriver-profile/extensions/fxdriver@googlecode.com/components/command-processor.js:12608)
... Removed 29 stack frames]]>
    </failure>
  </testcase> <!-- mTestaMinhaPaginaDeLogin -->
  <testcase name="mTestaMinhaPaginaDeLoginDadosInvalidos" time="8.115" classname="tjmg.pje.Integracao.TestNG.Usuario.TestaMinhaPaginaDeLogin">
    <failure type="org.openqa.selenium.NoSuchElementException" message="Unable to locate element: {&amp;quot;method&amp;quot;:&amp;quot;name&amp;quot;,&amp;quot;selector&amp;quot;:&amp;quot;Email&amp;quot;}
Command duration or timeout: 16 milliseconds
For documentation on this error, please visit: http://seleniumhq.org/exceptions/no_such_element.html
Build info: version: &amp;apos;2.53.0&amp;apos;, revision: &amp;apos;35ae25b&amp;apos;, time: &amp;apos;2016-03-15 17:00:58&amp;apos;
System info: host: &amp;apos;GEJUD-536163&amp;apos;, ip: &amp;apos;169.254.28.2&amp;apos;, os.name: &amp;apos;Windows 7&amp;apos;, os.arch: &amp;apos;x86&amp;apos;, os.version: &amp;apos;6.1&amp;apos;, java.version: &amp;apos;1.8.0_91&amp;apos;
Driver info: org.openqa.selenium.firefox.FirefoxDriver
Capabilities [{applicationCacheEnabled=true, rotatable=false, handlesAlerts=true, databaseEnabled=true, version=33.0, platform=WINDOWS, nativeEvents=false, acceptSslCerts=true, webStorageEnabled=true, locationContextEnabled=true, browserName=firefox, takesScreenshot=true, javascriptEnabled=true, cssSelectorsEnabled=true}]
Session ID: cae6f2f2-87c5-4f8d-ab4c-fc86a27c94c5
*** Element info: {Using=name, value=Email}">
      <![CDATA[org.openqa.selenium.NoSuchElementException: Unable to locate element: {"method":"name","selector":"Email"}
Command duration or timeout: 16 milliseconds
For documentation on this error, please visit: http://seleniumhq.org/exceptions/no_such_element.html
Build info: version: '2.53.0', revision: '35ae25b', time: '2016-03-15 17:00:58'
System info: host: 'GEJUD-536163', ip: '169.254.28.2', os.name: 'Windows 7', os.arch: 'x86', os.version: '6.1', java.version: '1.8.0_91'
Driver info: org.openqa.selenium.firefox.FirefoxDriver
Capabilities [{applicationCacheEnabled=true, rotatable=false, handlesAlerts=true, databaseEnabled=true, version=33.0, platform=WINDOWS, nativeEvents=false, acceptSslCerts=true, webStorageEnabled=true, locationContextEnabled=true, browserName=firefox, takesScreenshot=true, javascriptEnabled=true, cssSelectorsEnabled=true}]
Session ID: cae6f2f2-87c5-4f8d-ab4c-fc86a27c94c5
*** Element info: {Using=name, value=Email}
	at org.openqa.selenium.remote.ErrorHandler.createThrowable(ErrorHandler.java:206)
	at org.openqa.selenium.remote.ErrorHandler.throwIfResponseFailed(ErrorHandler.java:158)
	at org.openqa.selenium.remote.RemoteWebDriver.execute(RemoteWebDriver.java:678)
	at org.openqa.selenium.remote.RemoteWebDriver.findElement(RemoteWebDriver.java:363)
	at org.openqa.selenium.remote.RemoteWebDriver.findElementByName(RemoteWebDriver.java:461)
	at org.openqa.selenium.By$ByName.findElement(By.java:303)
	at org.openqa.selenium.remote.RemoteWebDriver.findElement(RemoteWebDriver.java:355)
	at org.openqa.selenium.support.pagefactory.DefaultElementLocator.findElement(DefaultElementLocator.java:69)
	at org.openqa.selenium.support.pagefactory.internal.LocatingElementHandler.invoke(LocatingElementHandler.java:38)
	at com.sun.proxy.$Proxy13.sendKeys(Unknown Source)
	at tjmg.pje.Interface.Usuario.WebDriver.MinhaPaginaDeLogin.preencherCPFCNPJ(MinhaPaginaDeLogin.java:39)
	at tjmg.pje.Integracao.TestNG.Usuario.TestaMinhaPaginaDeLogin.mTestaMinhaPaginaDeLoginDadosInvalidos(TestaMinhaPaginaDeLogin.java:77)
Caused by: org.openqa.selenium.NoSuchElementException: Unable to locate element: {"method":"name","selector":"Email"}
For documentation on this error, please visit: http://seleniumhq.org/exceptions/no_such_element.html
Build info: version: '2.53.0', revision: '35ae25b', time: '2016-03-15 17:00:58'
System info: host: 'GEJUD-536163', ip: '169.254.28.2', os.name: 'Windows 7', os.arch: 'x86', os.version: '6.1', java.version: '1.8.0_91'
Driver info: driver.version: unknown
	at <anonymous class>.FirefoxDriver.prototype.findElementInternal_(file:///C:/Users/P5523732/AppData/Local/Temp/anonymous648306896092534203webdriver-profile/extensions/fxdriver@googlecode.com/components/driver-component.js:10770)
	at <anonymous class>.FirefoxDriver.prototype.findElement(file:///C:/Users/P5523732/AppData/Local/Temp/anonymous648306896092534203webdriver-profile/extensions/fxdriver@googlecode.com/components/driver-component.js:10779)
	at <anonymous class>.DelayedCommand.prototype.executeInternal_/h(file:///C:/Users/P5523732/AppData/Local/Temp/anonymous648306896092534203webdriver-profile/extensions/fxdriver@googlecode.com/components/command-processor.js:12661)
	at <anonymous class>.DelayedCommand.prototype.executeInternal_(file:///C:/Users/P5523732/AppData/Local/Temp/anonymous648306896092534203webdriver-profile/extensions/fxdriver@googlecode.com/components/command-processor.js:12666)
	at <anonymous class>.DelayedCommand.prototype.execute/<(file:///C:/Users/P5523732/AppData/Local/Temp/anonymous648306896092534203webdriver-profile/extensions/fxdriver@googlecode.com/components/command-processor.js:12608)
... Removed 29 stack frames]]>
    </failure>
  </testcase> <!-- mTestaMinhaPaginaDeLoginDadosInvalidos -->
  <testcase name="testeComFalha" time="0.001" classname="tjmg.pje.Integracao.TestNG.Usuario.TestNGValidaPrecoDeLivros">
    <skipped/>
  </testcase> <!-- testeComFalha -->
  <testcase name="testeComSucesso" time="0.0" classname="tjmg.pje.Integracao.TestNG.Usuario.TestNGValidaPrecoDeLivros">
    <skipped/>
  </testcase> <!-- testeComSucesso -->
</testsuite> <!-- mTestaLoginDoUsuarioNoSistemaComDadosValidos -->
