<?xml version="1.0" encoding="UTF-8"?>
<!-- Generated by org.testng.reporters.JUnitReportReporter -->
<testsuite hostname="NBWenderson" name="br.com.seleniumgridewebdrivertestcase.ClsTestaPaginaDeTrabalheConosco" tests="1" failures="0" timestamp="28 Apr 2016 23:36:54 GMT" time="0.000" errors="1">
  <testcase name="testeEnviarMensagemDeTrabalheConosco" time="0.000" classname="br.com.seleniumgridewebdrivertestcase.ClsTestaPaginaDeTrabalheConosco">
    <error type="org.testng.TestNGException" message="
Parameter &#039;nomeParametro&#039; is required by @Test on method testeEnviarMensagemDeTrabalheConosco but has not been marked @Optional or defined
in C:\Users\Wenderson\AppData\Local\Temp\testng-eclipse-233778226\testng-customsuite.xml">
      <![CDATA[org.testng.TestNGException: 
Parameter 'nomeParametro' is required by @Test on method testeEnviarMensagemDeTrabalheConosco but has not been marked @Optional or defined
in C:\Users\Wenderson\AppData\Local\Temp\testng-eclipse-233778226\testng-customsuite.xml
	at org.testng.internal.Parameters.createParameters(Parameters.java:154)
	at org.testng.internal.Parameters.createParameters(Parameters.java:361)
	at org.testng.internal.Parameters.handleParameters(Parameters.java:451)
	at org.testng.internal.Invoker.handleParameters(Invoker.java:1274)
	at org.testng.internal.Invoker.createParameters(Invoker.java:989)
	at org.testng.internal.Invoker.invokeTestMethods(Invoker.java:1079)
	at org.testng.internal.TestMethodWorker.invokeTestMethods(TestMethodWorker.java:129)
	at org.testng.internal.TestMethodWorker.run(TestMethodWorker.java:112)
	at org.testng.TestRunner.privateRun(TestRunner.java:782)
	at org.testng.TestRunner.run(TestRunner.java:632)
	at org.testng.SuiteRunner.runTest(SuiteRunner.java:366)
	at org.testng.SuiteRunner.runSequentially(SuiteRunner.java:361)
	at org.testng.SuiteRunner.privateRun(SuiteRunner.java:319)
	at org.testng.SuiteRunner.run(SuiteRunner.java:268)
	at org.testng.SuiteRunnerWorker.runSuite(SuiteRunnerWorker.java:52)
	at org.testng.SuiteRunnerWorker.run(SuiteRunnerWorker.java:86)
	at org.testng.TestNG.runSuitesSequentially(TestNG.java:1244)
	at org.testng.TestNG.runSuitesLocally(TestNG.java:1169)
	at org.testng.TestNG.run(TestNG.java:1064)
	at org.testng.remote.AbstractRemoteTestNG.run(AbstractRemoteTestNG.java:126)
	at org.testng.remote.RemoteTestNG.initAndRun(RemoteTestNG.java:137)
	at org.testng.remote.RemoteTestNG.main(RemoteTestNG.java:58)
]]>
    </error>
  </testcase> <!-- testeEnviarMensagemDeTrabalheConosco -->
</testsuite> <!-- br.com.seleniumgridewebdrivertestcase.ClsTestaPaginaDeTrabalheConosco -->
